<?xml version="1.0" encoding="UTF-8"?>
<testsuite xmlns:xsi="http://www.w3.org/2001/XMLSchema-instance" xsi:noNamespaceSchemaLocation="https://maven.apache.org/surefire/maven-surefire-plugin/xsd/surefire-test-report-3.0.xsd" version="3.0" name="com.museum.app.PlayerTest" time="0.004" tests="2" errors="0" skipped="0" failures="0">
  <properties>
    <property name="java.specification.version" value="23"/>
    <property name="javafx.runtime.version" value="23.0.1+4"/>
    <property name="sun.cpu.isalist" value="amd64"/>
    <property name="sun.jnu.encoding" value="Cp1252"/>
    <property name="java.class.path" value="E:\Universita\anno 2\edids\museum_team\museum_team\target\test-classes;E:\Universita\anno 2\edids\museum_team\museum_team\target\classes;C:\Users\march\.m2\repository\org\openjfx\javafx-controls\23.0.1\javafx-controls-23.0.1.jar;C:\Users\march\.m2\repository\org\openjfx\javafx-controls\23.0.1\javafx-controls-23.0.1-win.jar;C:\Users\march\.m2\repository\org\openjfx\javafx-graphics\23.0.1\javafx-graphics-23.0.1.jar;C:\Users\march\.m2\repository\org\openjfx\javafx-graphics\23.0.1\javafx-graphics-23.0.1-win.jar;C:\Users\march\.m2\repository\org\openjfx\javafx-base\23.0.1\javafx-base-23.0.1.jar;C:\Users\march\.m2\repository\org\openjfx\javafx-base\23.0.1\javafx-base-23.0.1-win.jar;C:\Users\march\.m2\repository\org\openjfx\javafx-fxml\23.0.1\javafx-fxml-23.0.1.jar;C:\Users\march\.m2\repository\org\openjfx\javafx-fxml\23.0.1\javafx-fxml-23.0.1-win.jar;C:\Users\march\.m2\repository\com\fasterxml\jackson\core\jackson-core\2.12.3\jackson-core-2.12.3.jar;C:\Users\march\.m2\repository\com\fasterxml\jackson\core\jackson-databind\2.12.7.1\jackson-databind-2.12.7.1.jar;C:\Users\march\.m2\repository\com\fasterxml\jackson\core\jackson-annotations\2.12.3\jackson-annotations-2.12.3.jar;C:\Users\march\.m2\repository\com\google\cloud\google-cloud-storage\2.47.0\google-cloud-storage-2.47.0.jar;C:\Users\march\.m2\repository\com\google\guava\guava\33.4.0-jre\guava-33.4.0-jre.jar;C:\Users\march\.m2\repository\com\google\guava\failureaccess\1.0.2\failureaccess-1.0.2.jar;C:\Users\march\.m2\repository\com\google\guava\listenablefuture\9999.0-empty-to-avoid-conflict-with-guava\listenablefuture-9999.0-empty-to-avoid-conflict-with-guava.jar;C:\Users\march\.m2\repository\com\google\errorprone\error_prone_annotations\2.36.0\error_prone_annotations-2.36.0.jar;C:\Users\march\.m2\repository\com\google\j2objc\j2objc-annotations\3.0.0\j2objc-annotations-3.0.0.jar;C:\Users\march\.m2\repository\com\google\http-client\google-http-client\1.45.3\google-http-client-1.45.3.jar;C:\Users\march\.m2\repository\io\grpc\grpc-context\1.69.0\grpc-context-1.69.0.jar;C:\Users\march\.m2\repository\io\opencensus\opencensus-contrib-http-util\0.31.1\opencensus-contrib-http-util-0.31.1.jar;C:\Users\march\.m2\repository\com\google\http-client\google-http-client-jackson2\1.45.3\google-http-client-jackson2-1.45.3.jar;C:\Users\march\.m2\repository\com\google\http-client\google-http-client-gson\1.45.3\google-http-client-gson-1.45.3.jar;C:\Users\march\.m2\repository\com\google\api-client\google-api-client\2.7.1\google-api-client-2.7.1.jar;C:\Users\march\.m2\repository\commons-codec\commons-codec\1.17.1\commons-codec-1.17.1.jar;C:\Users\march\.m2\repository\com\google\oauth-client\google-oauth-client\1.37.0\google-oauth-client-1.37.0.jar;C:\Users\march\.m2\repository\com\google\http-client\google-http-client-apache-v2\1.45.3\google-http-client-apache-v2-1.45.3.jar;C:\Users\march\.m2\repository\com\google\apis\google-api-services-storage\v1-rev20241206-2.0.0\google-api-services-storage-v1-rev20241206-2.0.0.jar;C:\Users\march\.m2\repository\com\google\code\gson\gson\2.11.0\gson-2.11.0.jar;C:\Users\march\.m2\repository\com\google\cloud\google-cloud-core\2.49.1\google-cloud-core-2.49.1.jar;C:\Users\march\.m2\repository\com\google\auto\value\auto-value-annotations\1.11.0\auto-value-annotations-1.11.0.jar;C:\Users\march\.m2\repository\com\google\cloud\google-cloud-core-http\2.49.1\google-cloud-core-http-2.49.1.jar;C:\Users\march\.m2\repository\com\google\http-client\google-http-client-appengine\1.45.3\google-http-client-appengine-1.45.3.jar;C:\Users\march\.m2\repository\com\google\api\gax-httpjson\2.59.1\gax-httpjson-2.59.1.jar;C:\Users\march\.m2\repository\com\google\cloud\google-cloud-core-grpc\2.49.1\google-cloud-core-grpc-2.49.1.jar;C:\Users\march\.m2\repository\com\google\api\gax\2.59.1\gax-2.59.1.jar;C:\Users\march\.m2\repository\com\google\api\gax-grpc\2.59.1\gax-grpc-2.59.1.jar;C:\Users\march\.m2\repository\io\grpc\grpc-inprocess\1.69.0\grpc-inprocess-1.69.0.jar;C:\Users\march\.m2\repository\io\grpc\grpc-alts\1.69.0\grpc-alts-1.69.0.jar;C:\Users\march\.m2\repository\io\grpc\grpc-grpclb\1.69.0\grpc-grpclb-1.69.0.jar;C:\Users\march\.m2\repository\org\conscrypt\conscrypt-openjdk-uber\2.5.2\conscrypt-openjdk-uber-2.5.2.jar;C:\Users\march\.m2\repository\io\grpc\grpc-auth\1.69.0\grpc-auth-1.69.0.jar;C:\Users\march\.m2\repository\com\google\auth\google-auth-library-credentials\1.30.1\google-auth-library-credentials-1.30.1.jar;C:\Users\march\.m2\repository\com\google\auth\google-auth-library-oauth2-http\1.30.1\google-auth-library-oauth2-http-1.30.1.jar;C:\Users\march\.m2\repository\com\google\api\api-common\2.42.1\api-common-2.42.1.jar;C:\Users\march\.m2\repository\javax\annotation\javax.annotation-api\1.3.2\javax.annotation-api-1.3.2.jar;C:\Users\march\.m2\repository\io\opencensus\opencensus-api\0.31.1\opencensus-api-0.31.1.jar;C:\Users\march\.m2\repository\io\opentelemetry\opentelemetry-context\1.45.0\opentelemetry-context-1.45.0.jar;C:\Users\march\.m2\repository\com\google\api\grpc\proto-google-iam-v1\1.45.1\proto-google-iam-v1-1.45.1.jar;C:\Users\march\.m2\repository\com\google\protobuf\protobuf-java\3.25.5\protobuf-java-3.25.5.jar;C:\Users\march\.m2\repository\com\google\protobuf\protobuf-java-util\3.25.5\protobuf-java-util-3.25.5.jar;C:\Users\march\.m2\repository\io\grpc\grpc-core\1.69.0\grpc-core-1.69.0.jar;C:\Users\march\.m2\repository\com\google\android\annotations\4.1.1.4\annotations-4.1.1.4.jar;C:\Users\march\.m2\repository\org\codehaus\mojo\animal-sniffer-annotations\1.24\animal-sniffer-annotations-1.24.jar;C:\Users\march\.m2\repository\io\perfmark\perfmark-api\0.27.0\perfmark-api-0.27.0.jar;C:\Users\march\.m2\repository\io\grpc\grpc-protobuf\1.69.0\grpc-protobuf-1.69.0.jar;C:\Users\march\.m2\repository\io\grpc\grpc-protobuf-lite\1.69.0\grpc-protobuf-lite-1.69.0.jar;C:\Users\march\.m2\repository\com\google\api\grpc\proto-google-common-protos\2.50.1\proto-google-common-protos-2.50.1.jar;C:\Users\march\.m2\repository\org\threeten\threetenbp\1.7.0\threetenbp-1.7.0.jar;C:\Users\march\.m2\repository\com\google\api\grpc\proto-google-cloud-storage-v2\2.47.0\proto-google-cloud-storage-v2-2.47.0.jar;C:\Users\march\.m2\repository\com\google\api\grpc\grpc-google-cloud-storage-v2\2.47.0\grpc-google-cloud-storage-v2-2.47.0.jar;C:\Users\march\.m2\repository\com\google\api\grpc\gapic-google-cloud-storage-v2\2.47.0\gapic-google-cloud-storage-v2-2.47.0.jar;C:\Users\march\.m2\repository\io\opentelemetry\opentelemetry-sdk\1.45.0\opentelemetry-sdk-1.45.0.jar;C:\Users\march\.m2\repository\io\opentelemetry\opentelemetry-sdk-trace\1.45.0\opentelemetry-sdk-trace-1.45.0.jar;C:\Users\march\.m2\repository\io\opentelemetry\opentelemetry-sdk-logs\1.45.0\opentelemetry-sdk-logs-1.45.0.jar;C:\Users\march\.m2\repository\io\grpc\grpc-opentelemetry\1.69.0\grpc-opentelemetry-1.69.0.jar;C:\Users\march\.m2\repository\io\opentelemetry\opentelemetry-api\1.45.0\opentelemetry-api-1.45.0.jar;C:\Users\march\.m2\repository\io\opentelemetry\opentelemetry-sdk-metrics\1.45.0\opentelemetry-sdk-metrics-1.45.0.jar;C:\Users\march\.m2\repository\io\opentelemetry\opentelemetry-api-incubator\1.45.0-alpha\opentelemetry-api-incubator-1.45.0-alpha.jar;C:\Users\march\.m2\repository\io\opentelemetry\opentelemetry-sdk-common\1.45.0\opentelemetry-sdk-common-1.45.0.jar;C:\Users\march\.m2\repository\io\opentelemetry\opentelemetry-sdk-extension-autoconfigure-spi\1.45.0\opentelemetry-sdk-extension-autoconfigure-spi-1.45.0.jar;C:\Users\march\.m2\repository\io\opentelemetry\semconv\opentelemetry-semconv\1.27.0-alpha\opentelemetry-semconv-1.27.0-alpha.jar;C:\Users\march\.m2\repository\com\google\cloud\opentelemetry\exporter-metrics\0.33.0\exporter-metrics-0.33.0.jar;C:\Users\march\.m2\repository\org\slf4j\slf4j-api\2.0.16\slf4j-api-2.0.16.jar;C:\Users\march\.m2\repository\com\google\cloud\google-cloud-monitoring\3.52.0\google-cloud-monitoring-3.52.0.jar;C:\Users\march\.m2\repository\com\google\api\grpc\proto-google-cloud-monitoring-v3\3.52.0\proto-google-cloud-monitoring-v3-3.52.0.jar;C:\Users\march\.m2\repository\com\google\cloud\opentelemetry\shared-resourcemapping\0.33.0\shared-resourcemapping-0.33.0.jar;C:\Users\march\.m2\repository\io\opentelemetry\contrib\opentelemetry-gcp-resources\1.37.0-alpha\opentelemetry-gcp-resources-1.37.0-alpha.jar;C:\Users\march\.m2\repository\com\google\cloud\opentelemetry\detector-resources-support\0.33.0\detector-resources-support-0.33.0.jar;C:\Users\march\.m2\repository\org\checkerframework\checker-qual\3.48.3\checker-qual-3.48.3.jar;C:\Users\march\.m2\repository\com\google\code\findbugs\jsr305\3.0.2\jsr305-3.0.2.jar;C:\Users\march\.m2\repository\io\grpc\grpc-api\1.69.0\grpc-api-1.69.0.jar;C:\Users\march\.m2\repository\io\grpc\grpc-netty-shaded\1.69.0\grpc-netty-shaded-1.69.0.jar;C:\Users\march\.m2\repository\io\grpc\grpc-util\1.69.0\grpc-util-1.69.0.jar;C:\Users\march\.m2\repository\io\grpc\grpc-stub\1.69.0\grpc-stub-1.69.0.jar;C:\Users\march\.m2\repository\io\grpc\grpc-googleapis\1.69.0\grpc-googleapis-1.69.0.jar;C:\Users\march\.m2\repository\io\grpc\grpc-xds\1.69.0\grpc-xds-1.69.0.jar;C:\Users\march\.m2\repository\io\grpc\grpc-services\1.69.0\grpc-services-1.69.0.jar;C:\Users\march\.m2\repository\com\google\re2j\re2j\1.7\re2j-1.7.jar;C:\Users\march\.m2\repository\io\grpc\grpc-rls\1.69.0\grpc-rls-1.69.0.jar;C:\Users\march\.m2\repository\org\junit\jupiter\junit-jupiter\5.9.2\junit-jupiter-5.9.2.jar;C:\Users\march\.m2\repository\org\junit\jupiter\junit-jupiter-api\5.9.2\junit-jupiter-api-5.9.2.jar;C:\Users\march\.m2\repository\org\opentest4j\opentest4j\1.2.0\opentest4j-1.2.0.jar;C:\Users\march\.m2\repository\org\junit\platform\junit-platform-commons\1.9.2\junit-platform-commons-1.9.2.jar;C:\Users\march\.m2\repository\org\apiguardian\apiguardian-api\1.1.2\apiguardian-api-1.1.2.jar;C:\Users\march\.m2\repository\org\junit\jupiter\junit-jupiter-params\5.9.2\junit-jupiter-params-5.9.2.jar;C:\Users\march\.m2\repository\org\junit\jupiter\junit-jupiter-engine\5.9.2\junit-jupiter-engine-5.9.2.jar;C:\Users\march\.m2\repository\org\junit\platform\junit-platform-engine\1.9.2\junit-platform-engine-1.9.2.jar;"/>
    <property name="java.vm.vendor" value="Oracle Corporation"/>
    <property name="sun.arch.data.model" value="64"/>
    <property name="user.variant" value=""/>
    <property name="java.vendor.url" value="https://java.oracle.com/"/>
    <property name="user.timezone" value="Europe/Rome"/>
    <property name="user.country.format" value="VA"/>
    <property name="os.name" value="Windows 10"/>
    <property name="java.vm.specification.version" value="23"/>
    <property name="javafx.version" value="23.0.1"/>
    <property name="sun.java.launcher" value="SUN_STANDARD"/>
    <property name="user.country" value="IT"/>
    <property name="sun.boot.library.path" value="C:\Program Files\Java\jdk-23\bin"/>
    <property name="sun.java.command" value="C:\Users\march\AppData\Local\Temp\surefire18305142530559832372\surefirebooter-20250127204308290_3.jar C:\Users\march\AppData\Local\Temp\surefire18305142530559832372 2025-01-27T20-43-08_199-jvmRun1 surefire-20250127204308290_1tmp surefire_0-20250127204308290_2tmp"/>
    <property name="jdk.debug" value="release"/>
    <property name="surefire.test.class.path" value="E:\Universita\anno 2\edids\museum_team\museum_team\target\test-classes;E:\Universita\anno 2\edids\museum_team\museum_team\target\classes;C:\Users\march\.m2\repository\org\openjfx\javafx-controls\23.0.1\javafx-controls-23.0.1.jar;C:\Users\march\.m2\repository\org\openjfx\javafx-controls\23.0.1\javafx-controls-23.0.1-win.jar;C:\Users\march\.m2\repository\org\openjfx\javafx-graphics\23.0.1\javafx-graphics-23.0.1.jar;C:\Users\march\.m2\repository\org\openjfx\javafx-graphics\23.0.1\javafx-graphics-23.0.1-win.jar;C:\Users\march\.m2\repository\org\openjfx\javafx-base\23.0.1\javafx-base-23.0.1.jar;C:\Users\march\.m2\repository\org\openjfx\javafx-base\23.0.1\javafx-base-23.0.1-win.jar;C:\Users\march\.m2\repository\org\openjfx\javafx-fxml\23.0.1\javafx-fxml-23.0.1.jar;C:\Users\march\.m2\repository\org\openjfx\javafx-fxml\23.0.1\javafx-fxml-23.0.1-win.jar;C:\Users\march\.m2\repository\com\fasterxml\jackson\core\jackson-core\2.12.3\jackson-core-2.12.3.jar;C:\Users\march\.m2\repository\com\fasterxml\jackson\core\jackson-databind\2.12.7.1\jackson-databind-2.12.7.1.jar;C:\Users\march\.m2\repository\com\fasterxml\jackson\core\jackson-annotations\2.12.3\jackson-annotations-2.12.3.jar;C:\Users\march\.m2\repository\com\google\cloud\google-cloud-storage\2.47.0\google-cloud-storage-2.47.0.jar;C:\Users\march\.m2\repository\com\google\guava\guava\33.4.0-jre\guava-33.4.0-jre.jar;C:\Users\march\.m2\repository\com\google\guava\failureaccess\1.0.2\failureaccess-1.0.2.jar;C:\Users\march\.m2\repository\com\google\guava\listenablefuture\9999.0-empty-to-avoid-conflict-with-guava\listenablefuture-9999.0-empty-to-avoid-conflict-with-guava.jar;C:\Users\march\.m2\repository\com\google\errorprone\error_prone_annotations\2.36.0\error_prone_annotations-2.36.0.jar;C:\Users\march\.m2\repository\com\google\j2objc\j2objc-annotations\3.0.0\j2objc-annotations-3.0.0.jar;C:\Users\march\.m2\repository\com\google\http-client\google-http-client\1.45.3\google-http-client-1.45.3.jar;C:\Users\march\.m2\repository\io\grpc\grpc-context\1.69.0\grpc-context-1.69.0.jar;C:\Users\march\.m2\repository\io\opencensus\opencensus-contrib-http-util\0.31.1\opencensus-contrib-http-util-0.31.1.jar;C:\Users\march\.m2\repository\com\google\http-client\google-http-client-jackson2\1.45.3\google-http-client-jackson2-1.45.3.jar;C:\Users\march\.m2\repository\com\google\http-client\google-http-client-gson\1.45.3\google-http-client-gson-1.45.3.jar;C:\Users\march\.m2\repository\com\google\api-client\google-api-client\2.7.1\google-api-client-2.7.1.jar;C:\Users\march\.m2\repository\commons-codec\commons-codec\1.17.1\commons-codec-1.17.1.jar;C:\Users\march\.m2\repository\com\google\oauth-client\google-oauth-client\1.37.0\google-oauth-client-1.37.0.jar;C:\Users\march\.m2\repository\com\google\http-client\google-http-client-apache-v2\1.45.3\google-http-client-apache-v2-1.45.3.jar;C:\Users\march\.m2\repository\com\google\apis\google-api-services-storage\v1-rev20241206-2.0.0\google-api-services-storage-v1-rev20241206-2.0.0.jar;C:\Users\march\.m2\repository\com\google\code\gson\gson\2.11.0\gson-2.11.0.jar;C:\Users\march\.m2\repository\com\google\cloud\google-cloud-core\2.49.1\google-cloud-core-2.49.1.jar;C:\Users\march\.m2\repository\com\google\auto\value\auto-value-annotations\1.11.0\auto-value-annotations-1.11.0.jar;C:\Users\march\.m2\repository\com\google\cloud\google-cloud-core-http\2.49.1\google-cloud-core-http-2.49.1.jar;C:\Users\march\.m2\repository\com\google\http-client\google-http-client-appengine\1.45.3\google-http-client-appengine-1.45.3.jar;C:\Users\march\.m2\repository\com\google\api\gax-httpjson\2.59.1\gax-httpjson-2.59.1.jar;C:\Users\march\.m2\repository\com\google\cloud\google-cloud-core-grpc\2.49.1\google-cloud-core-grpc-2.49.1.jar;C:\Users\march\.m2\repository\com\google\api\gax\2.59.1\gax-2.59.1.jar;C:\Users\march\.m2\repository\com\google\api\gax-grpc\2.59.1\gax-grpc-2.59.1.jar;C:\Users\march\.m2\repository\io\grpc\grpc-inprocess\1.69.0\grpc-inprocess-1.69.0.jar;C:\Users\march\.m2\repository\io\grpc\grpc-alts\1.69.0\grpc-alts-1.69.0.jar;C:\Users\march\.m2\repository\io\grpc\grpc-grpclb\1.69.0\grpc-grpclb-1.69.0.jar;C:\Users\march\.m2\repository\org\conscrypt\conscrypt-openjdk-uber\2.5.2\conscrypt-openjdk-uber-2.5.2.jar;C:\Users\march\.m2\repository\io\grpc\grpc-auth\1.69.0\grpc-auth-1.69.0.jar;C:\Users\march\.m2\repository\com\google\auth\google-auth-library-credentials\1.30.1\google-auth-library-credentials-1.30.1.jar;C:\Users\march\.m2\repository\com\google\auth\google-auth-library-oauth2-http\1.30.1\google-auth-library-oauth2-http-1.30.1.jar;C:\Users\march\.m2\repository\com\google\api\api-common\2.42.1\api-common-2.42.1.jar;C:\Users\march\.m2\repository\javax\annotation\javax.annotation-api\1.3.2\javax.annotation-api-1.3.2.jar;C:\Users\march\.m2\repository\io\opencensus\opencensus-api\0.31.1\opencensus-api-0.31.1.jar;C:\Users\march\.m2\repository\io\opentelemetry\opentelemetry-context\1.45.0\opentelemetry-context-1.45.0.jar;C:\Users\march\.m2\repository\com\google\api\grpc\proto-google-iam-v1\1.45.1\proto-google-iam-v1-1.45.1.jar;C:\Users\march\.m2\repository\com\google\protobuf\protobuf-java\3.25.5\protobuf-java-3.25.5.jar;C:\Users\march\.m2\repository\com\google\protobuf\protobuf-java-util\3.25.5\protobuf-java-util-3.25.5.jar;C:\Users\march\.m2\repository\io\grpc\grpc-core\1.69.0\grpc-core-1.69.0.jar;C:\Users\march\.m2\repository\com\google\android\annotations\4.1.1.4\annotations-4.1.1.4.jar;C:\Users\march\.m2\repository\org\codehaus\mojo\animal-sniffer-annotations\1.24\animal-sniffer-annotations-1.24.jar;C:\Users\march\.m2\repository\io\perfmark\perfmark-api\0.27.0\perfmark-api-0.27.0.jar;C:\Users\march\.m2\repository\io\grpc\grpc-protobuf\1.69.0\grpc-protobuf-1.69.0.jar;C:\Users\march\.m2\repository\io\grpc\grpc-protobuf-lite\1.69.0\grpc-protobuf-lite-1.69.0.jar;C:\Users\march\.m2\repository\com\google\api\grpc\proto-google-common-protos\2.50.1\proto-google-common-protos-2.50.1.jar;C:\Users\march\.m2\repository\org\threeten\threetenbp\1.7.0\threetenbp-1.7.0.jar;C:\Users\march\.m2\repository\com\google\api\grpc\proto-google-cloud-storage-v2\2.47.0\proto-google-cloud-storage-v2-2.47.0.jar;C:\Users\march\.m2\repository\com\google\api\grpc\grpc-google-cloud-storage-v2\2.47.0\grpc-google-cloud-storage-v2-2.47.0.jar;C:\Users\march\.m2\repository\com\google\api\grpc\gapic-google-cloud-storage-v2\2.47.0\gapic-google-cloud-storage-v2-2.47.0.jar;C:\Users\march\.m2\repository\io\opentelemetry\opentelemetry-sdk\1.45.0\opentelemetry-sdk-1.45.0.jar;C:\Users\march\.m2\repository\io\opentelemetry\opentelemetry-sdk-trace\1.45.0\opentelemetry-sdk-trace-1.45.0.jar;C:\Users\march\.m2\repository\io\opentelemetry\opentelemetry-sdk-logs\1.45.0\opentelemetry-sdk-logs-1.45.0.jar;C:\Users\march\.m2\repository\io\grpc\grpc-opentelemetry\1.69.0\grpc-opentelemetry-1.69.0.jar;C:\Users\march\.m2\repository\io\opentelemetry\opentelemetry-api\1.45.0\opentelemetry-api-1.45.0.jar;C:\Users\march\.m2\repository\io\opentelemetry\opentelemetry-sdk-metrics\1.45.0\opentelemetry-sdk-metrics-1.45.0.jar;C:\Users\march\.m2\repository\io\opentelemetry\opentelemetry-api-incubator\1.45.0-alpha\opentelemetry-api-incubator-1.45.0-alpha.jar;C:\Users\march\.m2\repository\io\opentelemetry\opentelemetry-sdk-common\1.45.0\opentelemetry-sdk-common-1.45.0.jar;C:\Users\march\.m2\repository\io\opentelemetry\opentelemetry-sdk-extension-autoconfigure-spi\1.45.0\opentelemetry-sdk-extension-autoconfigure-spi-1.45.0.jar;C:\Users\march\.m2\repository\io\opentelemetry\semconv\opentelemetry-semconv\1.27.0-alpha\opentelemetry-semconv-1.27.0-alpha.jar;C:\Users\march\.m2\repository\com\google\cloud\opentelemetry\exporter-metrics\0.33.0\exporter-metrics-0.33.0.jar;C:\Users\march\.m2\repository\org\slf4j\slf4j-api\2.0.16\slf4j-api-2.0.16.jar;C:\Users\march\.m2\repository\com\google\cloud\google-cloud-monitoring\3.52.0\google-cloud-monitoring-3.52.0.jar;C:\Users\march\.m2\repository\com\google\api\grpc\proto-google-cloud-monitoring-v3\3.52.0\proto-google-cloud-monitoring-v3-3.52.0.jar;C:\Users\march\.m2\repository\com\google\cloud\opentelemetry\shared-resourcemapping\0.33.0\shared-resourcemapping-0.33.0.jar;C:\Users\march\.m2\repository\io\opentelemetry\contrib\opentelemetry-gcp-resources\1.37.0-alpha\opentelemetry-gcp-resources-1.37.0-alpha.jar;C:\Users\march\.m2\repository\com\google\cloud\opentelemetry\detector-resources-support\0.33.0\detector-resources-support-0.33.0.jar;C:\Users\march\.m2\repository\org\checkerframework\checker-qual\3.48.3\checker-qual-3.48.3.jar;C:\Users\march\.m2\repository\com\google\code\findbugs\jsr305\3.0.2\jsr305-3.0.2.jar;C:\Users\march\.m2\repository\io\grpc\grpc-api\1.69.0\grpc-api-1.69.0.jar;C:\Users\march\.m2\repository\io\grpc\grpc-netty-shaded\1.69.0\grpc-netty-shaded-1.69.0.jar;C:\Users\march\.m2\repository\io\grpc\grpc-util\1.69.0\grpc-util-1.69.0.jar;C:\Users\march\.m2\repository\io\grpc\grpc-stub\1.69.0\grpc-stub-1.69.0.jar;C:\Users\march\.m2\repository\io\grpc\grpc-googleapis\1.69.0\grpc-googleapis-1.69.0.jar;C:\Users\march\.m2\repository\io\grpc\grpc-xds\1.69.0\grpc-xds-1.69.0.jar;C:\Users\march\.m2\repository\io\grpc\grpc-services\1.69.0\grpc-services-1.69.0.jar;C:\Users\march\.m2\repository\com\google\re2j\re2j\1.7\re2j-1.7.jar;C:\Users\march\.m2\repository\io\grpc\grpc-rls\1.69.0\grpc-rls-1.69.0.jar;C:\Users\march\.m2\repository\org\junit\jupiter\junit-jupiter\5.9.2\junit-jupiter-5.9.2.jar;C:\Users\march\.m2\repository\org\junit\jupiter\junit-jupiter-api\5.9.2\junit-jupiter-api-5.9.2.jar;C:\Users\march\.m2\repository\org\opentest4j\opentest4j\1.2.0\opentest4j-1.2.0.jar;C:\Users\march\.m2\repository\org\junit\platform\junit-platform-commons\1.9.2\junit-platform-commons-1.9.2.jar;C:\Users\march\.m2\repository\org\apiguardian\apiguardian-api\1.1.2\apiguardian-api-1.1.2.jar;C:\Users\march\.m2\repository\org\junit\jupiter\junit-jupiter-params\5.9.2\junit-jupiter-params-5.9.2.jar;C:\Users\march\.m2\repository\org\junit\jupiter\junit-jupiter-engine\5.9.2\junit-jupiter-engine-5.9.2.jar;C:\Users\march\.m2\repository\org\junit\platform\junit-platform-engine\1.9.2\junit-platform-engine-1.9.2.jar;"/>
    <property name="sun.cpu.endian" value="little"/>
    <property name="user.home" value="C:\Users\march"/>
    <property name="user.language" value="it"/>
    <property name="java.specification.vendor" value="Oracle Corporation"/>
    <property name="java.version.date" value="2024-10-15"/>
    <property name="java.home" value="C:\Program Files\Java\jdk-23"/>
    <property name="file.separator" value="\"/>
    <property name="basedir" value="E:\Universita\anno 2\edids\museum_team\museum_team"/>
    <property name="java.vm.compressedOopsMode" value="Zero based"/>
    <property name="line.separator" value="&#10;"/>
    <property name="java.vm.specification.vendor" value="Oracle Corporation"/>
    <property name="java.specification.name" value="Java Platform API Specification"/>
    <property name="surefire.real.class.path" value="C:\Users\march\AppData\Local\Temp\surefire18305142530559832372\surefirebooter-20250127204308290_3.jar"/>
    <property name="user.script" value=""/>
    <property name="sun.management.compiler" value="HotSpot 64-Bit Tiered Compilers"/>
    <property name="java.runtime.version" value="23.0.1+11-39"/>
    <property name="user.name" value="march"/>
    <property name="stdout.encoding" value="Cp1252"/>
    <property name="path.separator" value=";"/>
    <property name="os.version" value="10.0"/>
    <property name="java.runtime.name" value="Java(TM) SE Runtime Environment"/>
    <property name="file.encoding" value="UTF-8"/>
    <property name="java.vm.name" value="Java HotSpot(TM) 64-Bit Server VM"/>
    <property name="localRepository" value="C:\Users\march\.m2\repository"/>
    <property name="java.vendor.url.bug" value="https://bugreport.java.com/bugreport/"/>
    <property name="java.io.tmpdir" value="C:\Users\march\AppData\Local\Temp\"/>
    <property name="java.version" value="23.0.1"/>
    <property name="user.dir" value="E:\Universita\anno 2\edids\museum_team\museum_team"/>
    <property name="os.arch" value="amd64"/>
    <property name="java.vm.specification.name" value="Java Virtual Machine Specification"/>
    <property name="sun.os.patch.level" value=""/>
    <property name="native.encoding" value="Cp1252"/>
    <property name="java.library.path" value="C:\Program Files\Java\jdk-23\bin;C:\Windows\Sun\Java\bin;C:\Windows\system32;C:\Windows;C:\Program Files\Java\jdk-23\bin;C:\Program Files\Common Files\Oracle\Java\javapath;C:\Program Files (x86)\Common Files\Oracle\Java\javapath;C:\Windows\system32;C:\Windows;C:\Windows\System32\Wbem;C:\Windows\System32\WindowsPowerShell\v1.0\;C:\Windows\System32\OpenSSH\;C:\Program Files (x86)\NVIDIA Corporation\PhysX\Common;C:\Program Files\NVIDIA Corporation\NVIDIA NvDLISR;C:\Program Files\dotnet\;C:\Program Files (x86)\Microchip\MPLAB C32 Suite\bin;C:\Program Files\Git\cmd;E:\Programmi\flutter\bin;C:\Program Files\Microsoft SQL Server\Client SDK\ODBC\170\Tools\Binn\;C:\Program Files (x86)\Microsoft SQL Server\150\Tools\Binn\;C:\Program Files\Microsoft SQL Server\150\Tools\Binn\;C:\Program Files\Microsoft SQL Server\150\DTS\Binn\;C:\Program Files (x86)\Microsoft SQL Server\150\DTS\Binn\;C:\Program Files\Azure Data Studio\bin;C:\Program Files\nodejs\;C:\Users\march\AppData\Local\Pub\Cache\bin;C:\Program Files\Common Files\Oracle\Java\javapath;C:\Program Files\apache-maven-3.9.9\bin;C:\Users\march\AppData\Local\Programs\Python\Python310\Scripts\;C:\Users\march\AppData\Local\Programs\Python\Python310\;C:\Users\march\AppData\Local\Microsoft\WindowsApps;C:\Users\march\.dotnet\tools;C:\Users\march\.flutter\bin;C:\Program Files\Azure Data Studio\bin;C:\Users\march\AppData\Local\GitHubDesktop\bin;C:\Users\march\AppData\Local\Programs\Microsoft VS Code\bin;C:\Users\march\AppData\Roaming\npm;."/>
    <property name="java.vm.info" value="mixed mode, sharing"/>
    <property name="stderr.encoding" value="Cp1252"/>
    <property name="java.vendor" value="Oracle Corporation"/>
    <property name="java.vm.version" value="23.0.1+11-39"/>
    <property name="sun.io.unicode.encoding" value="UnicodeLittle"/>
    <property name="java.class.version" value="67.0"/>
  </properties>
  <testcase name="testTakePartialProfit" classname="com.museum.app.PlayerTest" time="0.001"/>
  <testcase name="testCalculateInventoryWeight" classname="com.museum.app.PlayerTest" time="0.001"/>
</testsuite>